GROUP,PACKAGE,CLASS,INSTRUCTION_MISSED,INSTRUCTION_COVERED,BRANCH_MISSED,BRANCH_COVERED,LINE_MISSED,LINE_COVERED,COMPLEXITY_MISSED,COMPLEXITY_COVERED,METHOD_MISSED,METHOD_COVERED
Calendar,calendar,DateOutOfRangeException,3,4,0,0,2,2,1,1,1,1
Calendar,calendar,CalendarMain,451,0,26,0,94,0,15,0,2,0
Calendar,calendar,Appt,174,172,14,18,39,53,22,24,12,18
Calendar,calendar,CalDay,102,100,9,9,23,30,14,10,8,7
Calendar,calendar,CalendarUtil,5,86,1,9,2,11,2,7,1,3
Calendar,calendar,TimeTable,44,271,7,45,12,70,6,27,1,5
